# tiny-transformer
# 2026-01-01: Cache tokenised dataset to disk
# 2026-01-05: Clean up unused imports
# 2026-01-05: Add docstrings to utility functions
# 2026-01-05: Add unit tests for tokenizer
# 2026-01-06: Simplify loss computation
# 2026-01-14: Fix checkpoint save path
# 2026-01-17: Refactor training loop for clarity
# 2026-01-17: Fix gradient accumulation bug
# 2026-01-18: Fix off-by-one in batch sampler
# 2026-01-19: Update dependencies
# 2026-01-20: Add docstrings to utility functions
# 2026-01-30: Document model architecture
# 2026-02-03: Add progress bar to training loop
# 2026-02-04: Update README with usage examples
# 2026-02-05: Add type hints to core functions
# 2026-02-07: Switch to AdamW optimiser
# 2026-02-07: Handle empty batch edge case
# 2026-02-16: Fix off-by-one in batch sampler
# 2026-02-17: Add learning rate scheduler
# 2026-02-19: Fix checkpoint save path
# 2026-03-09: Fix checkpoint save path
# 2026-03-16: Simplify loss computation
# 2026-03-17: Refactor training loop for clarity
# 2026-03-21: Update dependencies
